0 info it worked if it ends with ok
1 verbose cli [ '/usr/local/bin/node', '/usr/local/bin/npm', 'publish' ]
2 info using npm@3.10.8
3 info using node@v6.9.1
4 verbose publish [ '.' ]
5 silly cache add args [ '.', null ]
6 verbose cache add spec .
7 silly cache add parsed spec Result {
7 silly cache add   raw: '.',
7 silly cache add   scope: null,
7 silly cache add   escapedName: null,
7 silly cache add   name: null,
7 silly cache add   rawSpec: '.',
7 silly cache add   spec: '/3_Code/npm/createFile',
7 silly cache add   type: 'directory' }
8 verbose addLocalDirectory /Users/cpw/.npm/cfiles/1.0.1/package.tgz not in flight; packing
9 verbose correctMkdir /Users/cpw/.npm correctMkdir not in flight; initializing
10 info lifecycle cfiles@1.0.1~prepublish: cfiles@1.0.1
11 silly lifecycle cfiles@1.0.1~prepublish: no script for prepublish, continuing
12 verbose tar pack [ '/Users/cpw/.npm/cfiles/1.0.1/package.tgz',
12 verbose tar pack   '/3_Code/npm/createFile' ]
13 verbose tarball /Users/cpw/.npm/cfiles/1.0.1/package.tgz
14 verbose folder /3_Code/npm/createFile
15 verbose addLocalTarball adding from inside cache /Users/cpw/.npm/cfiles/1.0.1/package.tgz
16 verbose correctMkdir /Users/cpw/.npm correctMkdir not in flight; initializing
17 silly cache afterAdd cfiles@1.0.1
18 verbose afterAdd /Users/cpw/.npm/cfiles/1.0.1/package/package.json not in flight; writing
19 verbose correctMkdir /Users/cpw/.npm correctMkdir not in flight; initializing
20 verbose afterAdd /Users/cpw/.npm/cfiles/1.0.1/package/package.json written
21 silly publish { name: 'cfiles',
21 silly publish   version: '1.0.1',
21 silly publish   description: '``` javascript',
21 silly publish   main: 'index.js',
21 silly publish   scripts: { test: 'echo "Error: no test specified" && exit 1' },
21 silly publish   author: { name: 'cpu220' },
21 silly publish   license: 'ISC',
21 silly publish   readme: '## 创建指定目录下的指定文件\n\n``` javascript\n\nconst A = new createFile();\nconst a = \'aa/bb/cc/dd/ee/test.json\';\nA.create(a,\'hello world\');\n\n```\n',
21 silly publish   readmeFilename: 'readme.md',
21 silly publish   gitHead: '19e62e18b918658700d020623465152f05aa5753',
21 silly publish   _id: 'cfiles@1.0.1',
21 silly publish   _shasum: '964aacaad46accdbb0837deb35f931f510ef5c76',
21 silly publish   _from: '.' }
22 verbose getPublishConfig undefined
23 silly mapToRegistry name cfiles
24 silly mapToRegistry using default registry
25 silly mapToRegistry registry https://registry.npmjs.org/
26 silly mapToRegistry data Result {
26 silly mapToRegistry   raw: 'cfiles',
26 silly mapToRegistry   scope: null,
26 silly mapToRegistry   escapedName: 'cfiles',
26 silly mapToRegistry   name: 'cfiles',
26 silly mapToRegistry   rawSpec: '',
26 silly mapToRegistry   spec: 'latest',
26 silly mapToRegistry   type: 'tag' }
27 silly mapToRegistry uri https://registry.npmjs.org/cfiles
28 verbose publish registryBase https://registry.npmjs.org/
29 silly publish uploading /Users/cpw/.npm/cfiles/1.0.1/package.tgz
30 verbose request uri https://registry.npmjs.org/cfiles
31 verbose request sending authorization for write operation
32 info attempt registry request try #1 at 5:15:42 PM
33 verbose request using bearer token for auth
34 verbose request id 11125a29b75d0ed9
35 http request PUT https://registry.npmjs.org/cfiles
36 http 403 https://registry.npmjs.org/cfiles
37 verbose headers { 'content-type': 'application/json',
37 verbose headers   'cache-control': 'max-age=300',
37 verbose headers   'content-length': '95',
37 verbose headers   'accept-ranges': 'bytes',
37 verbose headers   date: 'Mon, 22 May 2017 09:15:43 GMT',
37 verbose headers   via: '1.1 varnish',
37 verbose headers   connection: 'keep-alive',
37 verbose headers   'x-served-by': 'cache-nrt6130-NRT',
37 verbose headers   'x-cache': 'MISS',
37 verbose headers   'x-cache-hits': '0',
37 verbose headers   'x-timer': 'S1495444543.113476,VS0,VE681',
37 verbose headers   vary: 'Accept-Encoding' }
38 verbose request invalidating /Users/cpw/.npm/registry.npmjs.org/cfiles on PUT
39 error publish Failed PUT 403
40 verbose stack Error: "You cannot publish over the previously published version 1.0.1." : cfiles
40 verbose stack     at makeError (/usr/local/lib/node_modules/npm/node_modules/npm-registry-client/lib/request.js:302:12)
40 verbose stack     at CachingRegistryClient.<anonymous> (/usr/local/lib/node_modules/npm/node_modules/npm-registry-client/lib/request.js:290:14)
40 verbose stack     at Request._callback (/usr/local/lib/node_modules/npm/node_modules/npm-registry-client/lib/request.js:210:14)
40 verbose stack     at Request.self.callback (/usr/local/lib/node_modules/npm/node_modules/request/request.js:187:22)
40 verbose stack     at emitTwo (events.js:106:13)
40 verbose stack     at Request.emit (events.js:191:7)
40 verbose stack     at Request.<anonymous> (/usr/local/lib/node_modules/npm/node_modules/request/request.js:1044:10)
40 verbose stack     at emitOne (events.js:96:13)
40 verbose stack     at Request.emit (events.js:188:7)
40 verbose stack     at IncomingMessage.<anonymous> (/usr/local/lib/node_modules/npm/node_modules/request/request.js:965:12)
41 verbose statusCode 403
42 verbose pkgid cfiles
43 verbose cwd /3_Code/npm/createFile
44 error Darwin 16.0.0
45 error argv "/usr/local/bin/node" "/usr/local/bin/npm" "publish"
46 error node v6.9.1
47 error npm  v3.10.8
48 error code E403
49 error "You cannot publish over the previously published version 1.0.1." : cfiles
50 error If you need help, you may report this error at:
50 error     <https://github.com/npm/npm/issues>
51 verbose exit [ 1, true ]
